Arguments: 
  C:\Program Files\nodejs\node.exe C:\Users\alexa\AppData\Local\node\corepack\yarn\1.22.19\bin\yarn.js install

PATH: 
  C:\Program Files (x86)\Common Files\Intel\Shared Libraries\redist\intel64\compiler;C:\Windows\system32;C:\Windows;C:\Windows\System32\Wbem;C:\Windows\System32\WindowsPowerShell\v1.0\;C:\Windows\System32\OpenSSH\;C:\Program Files\dotnet\;C:\Program Files\Git\cmd;C:\Program Files (x86)\NVIDIA Corporation\PhysX\Common;C:\Program Files\NVIDIA Corporation\NVIDIA NvDLISR;c;C:\Program Files\nodejs;c;C:\Program Files\nodejs;C:\Program Files\PuTTY\;C:\Program Files\Mullvad VPN\resources;C:\Program Files\Docker\Docker\resources\bin;C:\Program Files\Git LFS;C:\Users\alexa\AppData\Local\pnpm;C:\Users\alexa\AppData\Local\Programs\Python\Python311\Scripts\;C:\Users\alexa\AppData\Local\Programs\Python\Python311\;C:\Users\alexa\AppData\Local\Microsoft\WindowsApps;C:\Users\alexa\AppData\Local\Programs\Microsoft VS Code\bin;C:\Users\alexa\AppData\Local\GitHubDesktop\bin;C:\ProgramData\alexa\GitHubDesktop\bin;C:\Users\alexa\AppData\Roaming\npm;c;C:\Program Files\nodejs;C:\Program Files\heroku\bin;C:\Program Files\JetBrains\WebStorm 2023.2.3\bin;;C:\Program Files\JetBrains\PyCharm 2023.1.3\bin;

Yarn version: 
  1.22.19

Node version: 
  18.18.0

Platform: 
  win32 x64

Trace: 
  Error: ENOENT: no such file or directory, copyfile 'C:\Users\alexa\AppData\Local\Yarn\Cache\v6\npm-glob-parent-6.0.2-6d237d99083950c79290f24c7642a3de9a28f9e3-integrity\node_modules\glob-parent\index.js' -> 'G:\SAASPROJEKT\HP_HF\node_modules\eslint\node_modules\glob-parent\index.js'

npm manifest: 
  {
    "name": "ts-next-tailwind-template",
    "version": "1.0.0",
    "private": "true",
    "description": "Ultimate Front-end Template made using NextJs, TailwindCSS, and Typescript",
    "author": {
      "email": "crisemcr@gmail.com",
      "name": "Cristian Crețu",
      "url": "https://cretu.dev"
    },
    "license": "MIT",
    "bugs": {
      "url": "https://github.com/cristicretu/ts-next-tailwind-template/issues"
    },
    "homepage": "https://template.cretu.dev",
    "scripts": {
      "dev": "next dev",
      "build": "next build",
      "start": "next start",
      "lint": "eslint --ext=jsx,ts,tsx .",
      "lint:fix": "eslint --ext=jsx,ts,tsx . --fix",
      "format": "prettier --write \"./**/*.{js,jsx,ts,tsx}\"",
      "prepare": "husky install"
    },
    "dependencies": {
      "@huggingface/inference": "^2.6.4",
      "ai": "^2.2.20",
      "eslint-config-prettier": "^8.5.0",
      "next": "^12.3.0",
      "next-themes": "^0.2.1",
      "react": "^18.2.0",
      "react-dom": "^18.2.0",
      "react-use": "^17.4.0",
      "vercel": "^32.5.0"
    },
    "devDependencies": {
      "@types/node": "^18.7.16",
      "@types/react": "^18.0.19",
      "@typescript-eslint/eslint-plugin": "^5.36.2",
      "@typescript-eslint/parser": "^5.36.2",
      "autoprefixer": "^10.4.8",
      "eslint": "^8.23.0",
      "eslint-config-next": "12.3.0",
      "eslint-config-prettier": "^8.5.0",
      "eslint-plugin-prettier": "^4.2.1",
      "eslint-plugin-react": "^7.31.8",
      "husky": "^8.0.1",
      "lint-staged": "^13.0.3",
      "postcss": "^8.4.16",
      "prettier": "^2.7.1",
      "tailwindcss": "^3.1.8",
      "typescript": "^4.8.3"
    },
    "lint-staged": {
      "*.{tsx},*.{ts},*.{mdx}": [
        "eslint --fix"
      ]
    },
    "husky": {
      "hooks": {
        "pre-commit": "lint-staged"
      }
    },
    "browserslist": {
      "production": [
        ">0.2%",
        "not dead",
        "not op_mini all"
      ],
      "development": [
        "last 1 chrome version",
        "last 1 firefox version",
        "last 1 safari version"
      ]
    },
    "keywords": []
  }

yarn manifest: 
  No manifest

Lockfile: 
  No lockfile
